<?xml version="1.0" encoding="UTF-8"?>
<!-- Generated by org.testng.reporters.JUnitXMLReporter -->
<testsuite ignored="0" hostname="Akshit_PC" failures="2" tests="25" name="Chrome Tests" time="461.048" errors="0" timestamp="2025-10-07T22:01:53 IST">
  <testcase classname="com.polymershop.tests.CartTests" name="verifyCartFunctionalityAvailable" time="19.819"/>
  <testcase classname="com.polymershop.tests.CheckoutTests" name="verifyCheckoutNavigation" time="22.839"/>
  <testcase classname="com.polymershop.tests.HomePageTests" name="verifyHomePageLoads" time="2.13"/>
  <testcase classname="com.polymershop.tests.ProductDetailsTests" name="verifyProductDetailPageLoad" time="9.655"/>
  <testcase classname="com.polymershop.tests.ProductListingTests" name="verifyProductGridDisplay" time="7.38"/>
  <testcase classname="com.polymershop.tests.CartTests" name="verifyAddingProductsToCart" time="19.53"/>
  <testcase classname="com.polymershop.tests.CheckoutTests" name="verifyCheckoutPageLoads" time="5.33"/>
  <testcase classname="com.polymershop.tests.ProductListingTests" name="verifyMensOuterwearCategory" time="2.465">
    <failure type="java.lang.AssertionError" message="Category title should match expected [Men&amp;apos;s Outerwear] but found []">
      <![CDATA[java.lang.AssertionError: Category title should match expected [Men's Outerwear] but found []
at com.polymershop.tests.ProductListingTests.verifyMensOuterwearCategory(ProductListingTests.java:43)
at java.base/java.util.ArrayList.forEach(ArrayList.java:1597)
at java.base/java.util.concurrent.FutureTask.run(FutureTask.java:317)
at java.base/java.util.concurrent.ThreadPoolExecutor.runWorker(ThreadPoolExecutor.java:1144)
at java.base/java.util.concurrent.ThreadPoolExecutor$Worker.run(ThreadPoolExecutor.java:642)
at java.base/java.lang.Thread.run(Thread.java:1575)
... Removed 20 stack frames]]>
    </failure>
  </testcase> <!-- verifyMensOuterwearCategory -->
  <testcase classname="com.polymershop.tests.HomePageTests" name="verifyNavigationMenuItems" time="2.218"/>
  <testcase classname="com.polymershop.tests.ProductDetailsTests" name="verifyProductTitleAndPrice" time="9.928"/>
  <testcase classname="com.polymershop.tests.CartTests" name="verifyCartCountUpdates" time="21.796"/>
  <testcase classname="com.polymershop.tests.CheckoutTests" name="verifyCheckoutFormPresent" time="24.183"/>
  <testcase classname="com.polymershop.tests.ProductListingTests" name="verifyLadiesOuterwearCategory" time="2.353">
    <failure type="java.lang.AssertionError" message="Category title should match expected [Ladies Outerwear] but found []">
      <![CDATA[java.lang.AssertionError: Category title should match expected [Ladies Outerwear] but found []
at com.polymershop.tests.ProductListingTests.verifyLadiesOuterwearCategory(ProductListingTests.java:51)
at java.base/java.util.ArrayList.forEach(ArrayList.java:1597)
at java.base/java.util.concurrent.FutureTask.run(FutureTask.java:317)
at java.base/java.util.concurrent.ThreadPoolExecutor.runWorker(ThreadPoolExecutor.java:1144)
at java.base/java.util.concurrent.ThreadPoolExecutor$Worker.run(ThreadPoolExecutor.java:642)
at java.base/java.lang.Thread.run(Thread.java:1575)
... Removed 20 stack frames]]>
    </failure>
  </testcase> <!-- verifyLadiesOuterwearCategory -->
  <testcase classname="com.polymershop.tests.HomePageTests" name="verifyProductCategoriesDisplay" time="2.277"/>
  <testcase classname="com.polymershop.tests.ProductDetailsTests" name="verifyProductImage" time="13.545"/>
  <testcase classname="com.polymershop.tests.CheckoutTests" name="verifyCheckoutAccessibleWithItems" time="23.767"/>
  <testcase classname="com.polymershop.tests.CartTests" name="verifyEmptyCartState" time="2.154"/>
  <testcase classname="com.polymershop.tests.ProductListingTests" name="verifyProductTitlesNotEmpty" time="7.273"/>
  <testcase classname="com.polymershop.tests.HomePageTests" name="verifySearchFunctionality" time="2.35"/>
  <testcase classname="com.polymershop.tests.ProductDetailsTests" name="verifySizeAndQuantityDropdowns" time="10.652"/>
  <testcase classname="com.polymershop.tests.ProductDetailsTests" name="verifyAddToCartFunctionality" time="20.147"/>
  <testcase classname="com.polymershop.tests.CheckoutTests" name="verifyCheckoutURL" time="4.305"/>
  <testcase classname="com.polymershop.tests.HomePageTests" name="verifyFeaturedProductsSection" time="2.101"/>
  <testcase classname="com.polymershop.tests.CartTests" name="verifyMultipleProductsAddition" time="41.262"/>
  <testcase classname="com.polymershop.tests.ProductListingTests" name="verifyProductSelection" time="12.485"/>
</testsuite> <!-- Chrome Tests -->
