<?xml version="1.0" encoding="UTF-8"?>
<!-- Generated by org.testng.reporters.JUnitXMLReporter -->
<testsuite ignored="0" hostname="Akshit_PC" failures="2" tests="25" name="Firefox Tests" time="457.855" errors="0" timestamp="2025-10-07T22:01:50 IST">
  <testcase classname="com.polymershop.tests.CartTests" name="verifyCartFunctionalityAvailable" time="19.977"/>
  <testcase classname="com.polymershop.tests.CheckoutTests" name="verifyCheckoutNavigation" time="23.208"/>
  <testcase classname="com.polymershop.tests.HomePageTests" name="verifyHomePageLoads" time="2.097"/>
  <testcase classname="com.polymershop.tests.ProductDetailsTests" name="verifyProductDetailPageLoad" time="9.372"/>
  <testcase classname="com.polymershop.tests.ProductListingTests" name="verifyProductGridDisplay" time="7.568"/>
  <testcase classname="com.polymershop.tests.CartTests" name="verifyAddingProductsToCart" time="19.51"/>
  <testcase classname="com.polymershop.tests.CheckoutTests" name="verifyCheckoutPageLoads" time="5.239"/>
  <testcase classname="com.polymershop.tests.ProductListingTests" name="verifyMensOuterwearCategory" time="2.536">
    <failure type="java.lang.AssertionError" message="Category title should match expected [Men&amp;apos;s Outerwear] but found []">
      <![CDATA[java.lang.AssertionError: Category title should match expected [Men's Outerwear] but found []
at com.polymershop.tests.ProductListingTests.verifyMensOuterwearCategory(ProductListingTests.java:43)
at java.base/java.util.ArrayList.forEach(ArrayList.java:1597)
at java.base/java.util.concurrent.FutureTask.run(FutureTask.java:317)
at java.base/java.util.concurrent.ThreadPoolExecutor.runWorker(ThreadPoolExecutor.java:1144)
at java.base/java.util.concurrent.ThreadPoolExecutor$Worker.run(ThreadPoolExecutor.java:642)
at java.base/java.lang.Thread.run(Thread.java:1575)
... Removed 20 stack frames]]>
    </failure>
  </testcase> <!-- verifyMensOuterwearCategory -->
  <testcase classname="com.polymershop.tests.HomePageTests" name="verifyNavigationMenuItems" time="2.132"/>
  <testcase classname="com.polymershop.tests.ProductDetailsTests" name="verifyProductTitleAndPrice" time="9.989"/>
  <testcase classname="com.polymershop.tests.CartTests" name="verifyCartCountUpdates" time="21.082"/>
  <testcase classname="com.polymershop.tests.CheckoutTests" name="verifyCheckoutFormPresent" time="22.828"/>
  <testcase classname="com.polymershop.tests.ProductListingTests" name="verifyLadiesOuterwearCategory" time="2.478">
    <failure type="java.lang.AssertionError" message="Category title should match expected [Ladies Outerwear] but found []">
      <![CDATA[java.lang.AssertionError: Category title should match expected [Ladies Outerwear] but found []
at com.polymershop.tests.ProductListingTests.verifyLadiesOuterwearCategory(ProductListingTests.java:51)
at java.base/java.util.ArrayList.forEach(ArrayList.java:1597)
at java.base/java.util.concurrent.FutureTask.run(FutureTask.java:317)
at java.base/java.util.concurrent.ThreadPoolExecutor.runWorker(ThreadPoolExecutor.java:1144)
at java.base/java.util.concurrent.ThreadPoolExecutor$Worker.run(ThreadPoolExecutor.java:642)
at java.base/java.lang.Thread.run(Thread.java:1575)
... Removed 20 stack frames]]>
    </failure>
  </testcase> <!-- verifyLadiesOuterwearCategory -->
  <testcase classname="com.polymershop.tests.HomePageTests" name="verifyProductCategoriesDisplay" time="2.34"/>
  <testcase classname="com.polymershop.tests.ProductDetailsTests" name="verifyProductImage" time="13.262"/>
  <testcase classname="com.polymershop.tests.CheckoutTests" name="verifyCheckoutAccessibleWithItems" time="23.652"/>
  <testcase classname="com.polymershop.tests.CartTests" name="verifyEmptyCartState" time="2.055"/>
  <testcase classname="com.polymershop.tests.ProductListingTests" name="verifyProductTitlesNotEmpty" time="7.463"/>
  <testcase classname="com.polymershop.tests.HomePageTests" name="verifySearchFunctionality" time="2.393"/>
  <testcase classname="com.polymershop.tests.ProductDetailsTests" name="verifySizeAndQuantityDropdowns" time="9.52"/>
  <testcase classname="com.polymershop.tests.ProductDetailsTests" name="verifyAddToCartFunctionality" time="20.663"/>
  <testcase classname="com.polymershop.tests.CheckoutTests" name="verifyCheckoutURL" time="4.331"/>
  <testcase classname="com.polymershop.tests.HomePageTests" name="verifyFeaturedProductsSection" time="2.097"/>
  <testcase classname="com.polymershop.tests.CartTests" name="verifyMultipleProductsAddition" time="42.227"/>
  <testcase classname="com.polymershop.tests.ProductListingTests" name="verifyProductSelection" time="12.612"/>
</testsuite> <!-- Firefox Tests -->
