<html>
<head>
<title>TestNG:  Firefox Tests</title>
<link href="../testng.css" rel="stylesheet" type="text/css" />
<link href="../my-testng.css" rel="stylesheet" type="text/css" />

<style type="text/css">
.log { display: none;} 
.stack-trace { display: none;} 
</style>
<script type="text/javascript">
<!--
function flip(e) {
  current = e.style.display;
  if (current == 'block') {
    e.style.display = 'none';
    return 0;
  }
  else {
    e.style.display = 'block';
    return 1;
  }
}

function toggleBox(szDivId, elem, msg1, msg2)
{
  var res = -1;  if (document.getElementById) {
    res = flip(document.getElementById(szDivId));
  }
  else if (document.all) {
    // this is the way old msie versions work
    res = flip(document.all[szDivId]);
  }
  if(elem) {
    if(res == 0) elem.innerHTML = msg1; else elem.innerHTML = msg2;
  }

}

function toggleAllBoxes() {
  if (document.getElementsByTagName) {
    d = document.getElementsByTagName('div');
    for (i = 0; i < d.length; i++) {
      if (d[i].className == 'log') {
        flip(d[i]);
      }
    }
  }
}

// -->
</script>

</head>
<body>
<h2 align='center'>Firefox Tests</h2><table border='1' align="center">
<tr>
<td>Tests passed/Failed/Skipped:</td><td>23/2/0</td>
</tr><tr>
<td>Started on:</td><td>Tue Oct 07 21:54:12 IST 2025</td>
</tr>
<tr><td>Total time:</td><td>457 seconds (457855 ms)</td>
</tr><tr>
<td>Included groups:</td><td></td>
</tr><tr>
<td>Excluded groups:</td><td></td>
</tr>
</table><p/>
<small><i>(Hover the method name to see the test class name)</i></small><p/>
<table width='100%' border='1' class='invocation-failed'>
<tr><td colspan='4' align='center'><b>FAILED TESTS</b></td></tr>
<tr><td><b>Test method</b></td>
<td><b>Attribute(s)</b></td>
<td width="30%"><b>Exception</b></td>
<td width="10%"><b>Time (seconds)</b></td>
<td><b>Instance</b></td>
</tr>
<tr>
<td title='com.polymershop.tests.ProductListingTests.verifyMensOuterwearCategory()'><b>verifyMensOuterwearCategory</b><br>Test class: com.polymershop.tests.ProductListingTests</td>
<td><div><pre>java.lang.AssertionError: Category title should match expected [Men&apos;s Outerwear] but found []
	at com.polymershop.tests.ProductListingTests.verifyMensOuterwearCategory(ProductListingTests.java:43)
	at java.base/java.util.ArrayList.forEach(ArrayList.java:1597)
	at java.base/java.util.concurrent.FutureTask.run(FutureTask.java:317)
	at java.base/java.util.concurrent.ThreadPoolExecutor.runWorker(ThreadPoolExecutor.java:1144)
	at java.base/java.util.concurrent.ThreadPoolExecutor$Worker.run(ThreadPoolExecutor.java:642)
	at java.base/java.lang.Thread.run(Thread.java:1575)
... Removed 20 stack frames</pre></div><a href='#' onClick='toggleBox("stack-trace343765433", this, "Click to show all stack frames", "Click to hide stack frames")'>Click to show all stack frames</a>
<div class='stack-trace' id='stack-trace343765433'><pre>java.lang.AssertionError: Category title should match expected [Men&apos;s Outerwear] but found []
	at org.testng.Assert.fail(Assert.java:111)
	at org.testng.Assert.failNotEquals(Assert.java:1590)
	at org.testng.Assert.assertEqualsImpl(Assert.java:150)
	at org.testng.Assert.assertEquals(Assert.java:132)
	at org.testng.Assert.assertEquals(Assert.java:656)
	at com.polymershop.tests.ProductListingTests.verifyMensOuterwearCategory(ProductListingTests.java:43)
	at java.base/jdk.internal.reflect.DirectMethodHandleAccessor.invoke(DirectMethodHandleAccessor.java:103)
	at java.base/java.lang.reflect.Method.invoke(Method.java:580)
	at org.testng.internal.invokers.MethodInvocationHelper.invokeMethod(MethodInvocationHelper.java:141)
	at org.testng.internal.invokers.TestInvoker.invokeMethod(TestInvoker.java:687)
	at org.testng.internal.invokers.TestInvoker.invokeTestMethod(TestInvoker.java:230)
	at org.testng.internal.invokers.MethodRunner.runInSequence(MethodRunner.java:63)
	at org.testng.internal.invokers.TestInvoker$MethodInvocationAgent.invoke(TestInvoker.java:995)
	at org.testng.internal.invokers.TestInvoker.invokeTestMethods(TestInvoker.java:203)
	at org.testng.internal.invokers.TestMethodWorker.invokeTestMethods(TestMethodWorker.java:154)
	at org.testng.internal.invokers.TestMethodWorker.run(TestMethodWorker.java:134)
	at java.base/java.util.ArrayList.forEach(ArrayList.java:1597)
	at org.testng.TestRunner.privateRun(TestRunner.java:741)
	at org.testng.TestRunner.run(TestRunner.java:616)
	at org.testng.SuiteRunner.runTest(SuiteRunner.java:421)
	at org.testng.SuiteRunner$SuiteWorker.run(SuiteRunner.java:463)
	at org.testng.internal.thread.ThreadUtil.lambda$execute$0(ThreadUtil.java:64)
	at java.base/java.util.concurrent.FutureTask.run(FutureTask.java:317)
	at java.base/java.util.concurrent.ThreadPoolExecutor.runWorker(ThreadPoolExecutor.java:1144)
	at java.base/java.util.concurrent.ThreadPoolExecutor$Worker.run(ThreadPoolExecutor.java:642)
	at java.base/java.lang.Thread.run(Thread.java:1575)
</pre></div></td>
<td>2</td>
<td>com.polymershop.tests.ProductListingTests@48aca48b</td></tr>
<tr>
<td title='com.polymershop.tests.ProductListingTests.verifyLadiesOuterwearCategory()'><b>verifyLadiesOuterwearCategory</b><br>Test class: com.polymershop.tests.ProductListingTests</td>
<td><div><pre>java.lang.AssertionError: Category title should match expected [Ladies Outerwear] but found []
	at com.polymershop.tests.ProductListingTests.verifyLadiesOuterwearCategory(ProductListingTests.java:51)
	at java.base/java.util.ArrayList.forEach(ArrayList.java:1597)
	at java.base/java.util.concurrent.FutureTask.run(FutureTask.java:317)
	at java.base/java.util.concurrent.ThreadPoolExecutor.runWorker(ThreadPoolExecutor.java:1144)
	at java.base/java.util.concurrent.ThreadPoolExecutor$Worker.run(ThreadPoolExecutor.java:642)
	at java.base/java.lang.Thread.run(Thread.java:1575)
... Removed 20 stack frames</pre></div><a href='#' onClick='toggleBox("stack-trace1556126084", this, "Click to show all stack frames", "Click to hide stack frames")'>Click to show all stack frames</a>
<div class='stack-trace' id='stack-trace1556126084'><pre>java.lang.AssertionError: Category title should match expected [Ladies Outerwear] but found []
	at org.testng.Assert.fail(Assert.java:111)
	at org.testng.Assert.failNotEquals(Assert.java:1590)
	at org.testng.Assert.assertEqualsImpl(Assert.java:150)
	at org.testng.Assert.assertEquals(Assert.java:132)
	at org.testng.Assert.assertEquals(Assert.java:656)
	at com.polymershop.tests.ProductListingTests.verifyLadiesOuterwearCategory(ProductListingTests.java:51)
	at java.base/jdk.internal.reflect.DirectMethodHandleAccessor.invoke(DirectMethodHandleAccessor.java:103)
	at java.base/java.lang.reflect.Method.invoke(Method.java:580)
	at org.testng.internal.invokers.MethodInvocationHelper.invokeMethod(MethodInvocationHelper.java:141)
	at org.testng.internal.invokers.TestInvoker.invokeMethod(TestInvoker.java:687)
	at org.testng.internal.invokers.TestInvoker.invokeTestMethod(TestInvoker.java:230)
	at org.testng.internal.invokers.MethodRunner.runInSequence(MethodRunner.java:63)
	at org.testng.internal.invokers.TestInvoker$MethodInvocationAgent.invoke(TestInvoker.java:995)
	at org.testng.internal.invokers.TestInvoker.invokeTestMethods(TestInvoker.java:203)
	at org.testng.internal.invokers.TestMethodWorker.invokeTestMethods(TestMethodWorker.java:154)
	at org.testng.internal.invokers.TestMethodWorker.run(TestMethodWorker.java:134)
	at java.base/java.util.ArrayList.forEach(ArrayList.java:1597)
	at org.testng.TestRunner.privateRun(TestRunner.java:741)
	at org.testng.TestRunner.run(TestRunner.java:616)
	at org.testng.SuiteRunner.runTest(SuiteRunner.java:421)
	at org.testng.SuiteRunner$SuiteWorker.run(SuiteRunner.java:463)
	at org.testng.internal.thread.ThreadUtil.lambda$execute$0(ThreadUtil.java:64)
	at java.base/java.util.concurrent.FutureTask.run(FutureTask.java:317)
	at java.base/java.util.concurrent.ThreadPoolExecutor.runWorker(ThreadPoolExecutor.java:1144)
	at java.base/java.util.concurrent.ThreadPoolExecutor$Worker.run(ThreadPoolExecutor.java:642)
	at java.base/java.lang.Thread.run(Thread.java:1575)
</pre></div></td>
<td>2</td>
<td>com.polymershop.tests.ProductListingTests@48aca48b</td></tr>
</table><p>
<table width='100%' border='1' class='invocation-passed'>
<tr><td colspan='4' align='center'><b>PASSED TESTS</b></td></tr>
<tr><td><b>Test method</b></td>
<td><b>Attribute(s)</b></td>
<td width="30%"><b>Exception</b></td>
<td width="10%"><b>Time (seconds)</b></td>
<td><b>Instance</b></td>
</tr>
<tr>
<td title='com.polymershop.tests.ProductDetailsTests.verifyProductTitleAndPrice()'><b>verifyProductTitleAndPrice</b><br>Test class: com.polymershop.tests.ProductDetailsTests<br>Test method: Verify product title and price are displayed</td>
<td></td>
<td>9</td>
<td>com.polymershop.tests.ProductDetailsTests@13fd2ccd</td></tr>
<tr>
<td title='com.polymershop.tests.ProductListingTests.verifyProductGridDisplay()'><b>verifyProductGridDisplay</b><br>Test class: com.polymershop.tests.ProductListingTests</td>
<td></td>
<td>7</td>
<td>com.polymershop.tests.ProductListingTests@48aca48b</td></tr>
<tr>
<td title='com.polymershop.tests.CheckoutTests.verifyCheckoutPageLoads()'><b>verifyCheckoutPageLoads</b><br>Test class: com.polymershop.tests.CheckoutTests<br>Test method: Verify checkout page loads successfully</td>
<td></td>
<td>5</td>
<td>com.polymershop.tests.CheckoutTests@506ae4d4</td></tr>
<tr>
<td title='com.polymershop.tests.CheckoutTests.verifyCheckoutAccessibleWithItems()'><b>verifyCheckoutAccessibleWithItems</b><br>Test class: com.polymershop.tests.CheckoutTests<br>Test method: Verify checkout page accessible with cart items</td>
<td></td>
<td>23</td>
<td>com.polymershop.tests.CheckoutTests@506ae4d4</td></tr>
<tr>
<td title='com.polymershop.tests.CartTests.verifyAddingProductsToCart()'><b>verifyAddingProductsToCart</b><br>Test class: com.polymershop.tests.CartTests<br>Test method: Verify adding products to cart</td>
<td></td>
<td>19</td>
<td>com.polymershop.tests.CartTests@b9b00e0</td></tr>
<tr>
<td title='com.polymershop.tests.ProductDetailsTests.verifyAddToCartFunctionality()'><b>verifyAddToCartFunctionality</b><br>Test class: com.polymershop.tests.ProductDetailsTests<br>Test method: Verify add to cart functionality</td>
<td></td>
<td>20</td>
<td>com.polymershop.tests.ProductDetailsTests@13fd2ccd</td></tr>
<tr>
<td title='com.polymershop.tests.HomePageTests.verifyHomePageLoads()'><b>verifyHomePageLoads</b><br>Test class: com.polymershop.tests.HomePageTests</td>
<td></td>
<td>2</td>
<td>com.polymershop.tests.HomePageTests@6bd61f98</td></tr>
<tr>
<td title='com.polymershop.tests.ProductDetailsTests.verifyProductDetailPageLoad()'><b>verifyProductDetailPageLoad</b><br>Test class: com.polymershop.tests.ProductDetailsTests<br>Test method: Verify product detail page loads successfully</td>
<td></td>
<td>9</td>
<td>com.polymershop.tests.ProductDetailsTests@13fd2ccd</td></tr>
<tr>
<td title='com.polymershop.tests.HomePageTests.verifySearchFunctionality()'><b>verifySearchFunctionality</b><br>Test class: com.polymershop.tests.HomePageTests</td>
<td></td>
<td>2</td>
<td>com.polymershop.tests.HomePageTests@6bd61f98</td></tr>
<tr>
<td title='com.polymershop.tests.ProductListingTests.verifyProductSelection()'><b>verifyProductSelection</b><br>Test class: com.polymershop.tests.ProductListingTests</td>
<td></td>
<td>12</td>
<td>com.polymershop.tests.ProductListingTests@48aca48b</td></tr>
<tr>
<td title='com.polymershop.tests.ProductListingTests.verifyProductTitlesNotEmpty()'><b>verifyProductTitlesNotEmpty</b><br>Test class: com.polymershop.tests.ProductListingTests</td>
<td></td>
<td>7</td>
<td>com.polymershop.tests.ProductListingTests@48aca48b</td></tr>
<tr>
<td title='com.polymershop.tests.HomePageTests.verifyNavigationMenuItems()'><b>verifyNavigationMenuItems</b><br>Test class: com.polymershop.tests.HomePageTests</td>
<td></td>
<td>2</td>
<td>com.polymershop.tests.HomePageTests@6bd61f98</td></tr>
<tr>
<td title='com.polymershop.tests.CartTests.verifyCartCountUpdates()'><b>verifyCartCountUpdates</b><br>Test class: com.polymershop.tests.CartTests<br>Test method: Verify cart count updates correctly</td>
<td></td>
<td>21</td>
<td>com.polymershop.tests.CartTests@b9b00e0</td></tr>
<tr>
<td title='com.polymershop.tests.CartTests.verifyMultipleProductsAddition()'><b>verifyMultipleProductsAddition</b><br>Test class: com.polymershop.tests.CartTests<br>Test method: Verify multiple products can be added to cart</td>
<td></td>
<td>42</td>
<td>com.polymershop.tests.CartTests@b9b00e0</td></tr>
<tr>
<td title='com.polymershop.tests.CartTests.verifyCartFunctionalityAvailable()'><b>verifyCartFunctionalityAvailable</b><br>Test class: com.polymershop.tests.CartTests<br>Test method: Verify cart functionality is available</td>
<td></td>
<td>19</td>
<td>com.polymershop.tests.CartTests@b9b00e0</td></tr>
<tr>
<td title='com.polymershop.tests.ProductDetailsTests.verifySizeAndQuantityDropdowns()'><b>verifySizeAndQuantityDropdowns</b><br>Test class: com.polymershop.tests.ProductDetailsTests<br>Test method: Verify size and quantity selection dropdowns</td>
<td></td>
<td>9</td>
<td>com.polymershop.tests.ProductDetailsTests@13fd2ccd</td></tr>
<tr>
<td title='com.polymershop.tests.HomePageTests.verifyFeaturedProductsSection()'><b>verifyFeaturedProductsSection</b><br>Test class: com.polymershop.tests.HomePageTests</td>
<td></td>
<td>2</td>
<td>com.polymershop.tests.HomePageTests@6bd61f98</td></tr>
<tr>
<td title='com.polymershop.tests.CartTests.verifyEmptyCartState()'><b>verifyEmptyCartState</b><br>Test class: com.polymershop.tests.CartTests<br>Test method: Verify empty cart state</td>
<td></td>
<td>2</td>
<td>com.polymershop.tests.CartTests@b9b00e0</td></tr>
<tr>
<td title='com.polymershop.tests.HomePageTests.verifyProductCategoriesDisplay()'><b>verifyProductCategoriesDisplay</b><br>Test class: com.polymershop.tests.HomePageTests</td>
<td></td>
<td>2</td>
<td>com.polymershop.tests.HomePageTests@6bd61f98</td></tr>
<tr>
<td title='com.polymershop.tests.CheckoutTests.verifyCheckoutURL()'><b>verifyCheckoutURL</b><br>Test class: com.polymershop.tests.CheckoutTests<br>Test method: Verify checkout URL is correct</td>
<td></td>
<td>4</td>
<td>com.polymershop.tests.CheckoutTests@506ae4d4</td></tr>
<tr>
<td title='com.polymershop.tests.CheckoutTests.verifyCheckoutFormPresent()'><b>verifyCheckoutFormPresent</b><br>Test class: com.polymershop.tests.CheckoutTests<br>Test method: Verify checkout form is present</td>
<td></td>
<td>22</td>
<td>com.polymershop.tests.CheckoutTests@506ae4d4</td></tr>
<tr>
<td title='com.polymershop.tests.CheckoutTests.verifyCheckoutNavigation()'><b>verifyCheckoutNavigation</b><br>Test class: com.polymershop.tests.CheckoutTests<br>Test method: Verify checkout navigation functionality</td>
<td></td>
<td>23</td>
<td>com.polymershop.tests.CheckoutTests@506ae4d4</td></tr>
<tr>
<td title='com.polymershop.tests.ProductDetailsTests.verifyProductImage()'><b>verifyProductImage</b><br>Test class: com.polymershop.tests.ProductDetailsTests<br>Test method: Verify product image is displayed</td>
<td></td>
<td>13</td>
<td>com.polymershop.tests.ProductDetailsTests@13fd2ccd</td></tr>
</table><p>
</body>
</html>