<?xml version="1.0" encoding="UTF-8"?>
<testng-results ignored="0" total="50" passed="46" failed="4" skipped="0">
  <reporter-output>
  </reporter-output>
  <suite started-at="2025-10-07T21:54:12 IST" name="Polymer Shop Test Suite" finished-at="2025-10-07T22:01:53 IST" duration-ms="461048">
    <groups>
    </groups>
    <test started-at="2025-10-07T21:54:12 IST" name="Firefox Tests" finished-at="2025-10-07T22:01:50 IST" duration-ms="457855">
      <class name="com.polymershop.tests.ProductDetailsTests">
        <test-method is-config="true" signature="setup()[pri:0, instance:com.polymershop.tests.ProductDetailsTests@13fd2ccd]" started-at="2025-10-07T21:55:24 IST" name="setup" finished-at="2025-10-07T21:55:27 IST" duration-ms="2611" status="PASS">
          <reporter-output>
          </reporter-output>
        </test-method> <!-- setup -->
        <test-method signature="verifyProductDetailPageLoad()[pri:1, instance:com.polymershop.tests.ProductDetailsTests@13fd2ccd]" started-at="2025-10-07T21:55:27 IST" name="verifyProductDetailPageLoad" description="Verify product detail page loads successfully" finished-at="2025-10-07T21:55:36 IST" duration-ms="9372" status="PASS">
          <reporter-output>
          </reporter-output>
        </test-method> <!-- verifyProductDetailPageLoad -->
        <test-method is-config="true" signature="tearDown()[pri:0, instance:com.polymershop.tests.ProductDetailsTests@13fd2ccd]" started-at="2025-10-07T21:55:36 IST" name="tearDown" finished-at="2025-10-07T21:55:36 IST" duration-ms="449" status="PASS">
          <reporter-output>
          </reporter-output>
        </test-method> <!-- tearDown -->
        <test-method is-config="true" signature="setup()[pri:0, instance:com.polymershop.tests.ProductDetailsTests@13fd2ccd]" started-at="2025-10-07T21:56:45 IST" name="setup" finished-at="2025-10-07T21:56:49 IST" duration-ms="4144" status="PASS">
          <reporter-output>
          </reporter-output>
        </test-method> <!-- setup -->
        <test-method signature="verifyProductTitleAndPrice()[pri:2, instance:com.polymershop.tests.ProductDetailsTests@13fd2ccd]" started-at="2025-10-07T21:56:49 IST" name="verifyProductTitleAndPrice" description="Verify product title and price are displayed" finished-at="2025-10-07T21:56:59 IST" duration-ms="9989" status="PASS">
          <reporter-output>
          </reporter-output>
        </test-method> <!-- verifyProductTitleAndPrice -->
        <test-method is-config="true" signature="tearDown()[pri:0, instance:com.polymershop.tests.ProductDetailsTests@13fd2ccd]" started-at="2025-10-07T21:56:59 IST" name="tearDown" finished-at="2025-10-07T21:57:02 IST" duration-ms="3027" status="PASS">
          <reporter-output>
          </reporter-output>
        </test-method> <!-- tearDown -->
        <test-method is-config="true" signature="setup()[pri:0, instance:com.polymershop.tests.ProductDetailsTests@13fd2ccd]" started-at="2025-10-07T21:58:19 IST" name="setup" finished-at="2025-10-07T21:58:23 IST" duration-ms="3958" status="PASS">
          <reporter-output>
          </reporter-output>
        </test-method> <!-- setup -->
        <test-method signature="verifyProductImage()[pri:3, instance:com.polymershop.tests.ProductDetailsTests@13fd2ccd]" started-at="2025-10-07T21:58:23 IST" name="verifyProductImage" description="Verify product image is displayed" finished-at="2025-10-07T21:58:37 IST" duration-ms="13262" status="PASS">
          <reporter-output>
          </reporter-output>
        </test-method> <!-- verifyProductImage -->
        <test-method is-config="true" signature="tearDown()[pri:0, instance:com.polymershop.tests.ProductDetailsTests@13fd2ccd]" started-at="2025-10-07T21:58:37 IST" name="tearDown" finished-at="2025-10-07T21:58:39 IST" duration-ms="2684" status="PASS">
          <reporter-output>
          </reporter-output>
        </test-method> <!-- tearDown -->
        <test-method is-config="true" signature="setup()[pri:0, instance:com.polymershop.tests.ProductDetailsTests@13fd2ccd]" started-at="2025-10-07T21:59:41 IST" name="setup" finished-at="2025-10-07T21:59:45 IST" duration-ms="3744" status="PASS">
          <reporter-output>
          </reporter-output>
        </test-method> <!-- setup -->
        <test-method signature="verifySizeAndQuantityDropdowns()[pri:4, instance:com.polymershop.tests.ProductDetailsTests@13fd2ccd]" started-at="2025-10-07T21:59:45 IST" name="verifySizeAndQuantityDropdowns" description="Verify size and quantity selection dropdowns" finished-at="2025-10-07T21:59:54 IST" duration-ms="9520" status="PASS">
          <reporter-output>
          </reporter-output>
        </test-method> <!-- verifySizeAndQuantityDropdowns -->
        <test-method is-config="true" signature="tearDown()[pri:0, instance:com.polymershop.tests.ProductDetailsTests@13fd2ccd]" started-at="2025-10-07T21:59:54 IST" name="tearDown" finished-at="2025-10-07T21:59:55 IST" duration-ms="568" status="PASS">
          <reporter-output>
          </reporter-output>
        </test-method> <!-- tearDown -->
        <test-method is-config="true" signature="setup()[pri:0, instance:com.polymershop.tests.ProductDetailsTests@13fd2ccd]" started-at="2025-10-07T21:59:55 IST" name="setup" finished-at="2025-10-07T21:59:59 IST" duration-ms="3497" status="PASS">
          <reporter-output>
          </reporter-output>
        </test-method> <!-- setup -->
        <test-method signature="verifyAddToCartFunctionality()[pri:5, instance:com.polymershop.tests.ProductDetailsTests@13fd2ccd]" started-at="2025-10-07T21:59:59 IST" name="verifyAddToCartFunctionality" description="Verify add to cart functionality" finished-at="2025-10-07T22:00:19 IST" duration-ms="20663" status="PASS">
          <reporter-output>
          </reporter-output>
        </test-method> <!-- verifyAddToCartFunctionality -->
        <test-method is-config="true" signature="tearDown()[pri:0, instance:com.polymershop.tests.ProductDetailsTests@13fd2ccd]" started-at="2025-10-07T22:00:19 IST" name="tearDown" finished-at="2025-10-07T22:00:20 IST" duration-ms="861" status="PASS">
          <reporter-output>
          </reporter-output>
        </test-method> <!-- tearDown -->
      </class> <!-- com.polymershop.tests.ProductDetailsTests -->
      <class name="com.polymershop.tests.HomePageTests">
        <test-method is-config="true" signature="setup()[pri:0, instance:com.polymershop.tests.HomePageTests@6bd61f98]" started-at="2025-10-07T21:55:18 IST" name="setup" finished-at="2025-10-07T21:55:22 IST" duration-ms="3861" status="PASS">
          <reporter-output>
          </reporter-output>
        </test-method> <!-- setup -->
        <test-method signature="verifyHomePageLoads()[pri:1, instance:com.polymershop.tests.HomePageTests@6bd61f98]" started-at="2025-10-07T21:55:22 IST" name="verifyHomePageLoads" finished-at="2025-10-07T21:55:24 IST" duration-ms="2097" status="PASS">
          <reporter-output>
          </reporter-output>
        </test-method> <!-- verifyHomePageLoads -->
        <test-method is-config="true" signature="tearDown()[pri:0, instance:com.polymershop.tests.HomePageTests@6bd61f98]" started-at="2025-10-07T21:55:24 IST" name="tearDown" finished-at="2025-10-07T21:55:24 IST" duration-ms="348" status="PASS">
          <reporter-output>
          </reporter-output>
        </test-method> <!-- tearDown -->
        <test-method is-config="true" signature="setup()[pri:0, instance:com.polymershop.tests.HomePageTests@6bd61f98]" started-at="2025-10-07T21:56:39 IST" name="setup" finished-at="2025-10-07T21:56:42 IST" duration-ms="3549" status="PASS">
          <reporter-output>
          </reporter-output>
        </test-method> <!-- setup -->
        <test-method signature="verifyNavigationMenuItems()[pri:2, instance:com.polymershop.tests.HomePageTests@6bd61f98]" started-at="2025-10-07T21:56:42 IST" name="verifyNavigationMenuItems" finished-at="2025-10-07T21:56:45 IST" duration-ms="2132" status="PASS">
          <reporter-output>
          </reporter-output>
        </test-method> <!-- verifyNavigationMenuItems -->
        <test-method is-config="true" signature="tearDown()[pri:0, instance:com.polymershop.tests.HomePageTests@6bd61f98]" started-at="2025-10-07T21:56:45 IST" name="tearDown" finished-at="2025-10-07T21:56:45 IST" duration-ms="332" status="PASS">
          <reporter-output>
          </reporter-output>
        </test-method> <!-- tearDown -->
        <test-method is-config="true" signature="setup()[pri:0, instance:com.polymershop.tests.HomePageTests@6bd61f98]" started-at="2025-10-07T21:58:13 IST" name="setup" finished-at="2025-10-07T21:58:17 IST" duration-ms="3348" status="PASS">
          <reporter-output>
          </reporter-output>
        </test-method> <!-- setup -->
        <test-method signature="verifyProductCategoriesDisplay()[pri:3, instance:com.polymershop.tests.HomePageTests@6bd61f98]" started-at="2025-10-07T21:58:17 IST" name="verifyProductCategoriesDisplay" finished-at="2025-10-07T21:58:19 IST" duration-ms="2340" status="PASS">
          <reporter-output>
          </reporter-output>
        </test-method> <!-- verifyProductCategoriesDisplay -->
        <test-method is-config="true" signature="tearDown()[pri:0, instance:com.polymershop.tests.HomePageTests@6bd61f98]" started-at="2025-10-07T21:58:19 IST" name="tearDown" finished-at="2025-10-07T21:58:19 IST" duration-ms="310" status="PASS">
          <reporter-output>
          </reporter-output>
        </test-method> <!-- tearDown -->
        <test-method is-config="true" signature="setup()[pri:0, instance:com.polymershop.tests.HomePageTests@6bd61f98]" started-at="2025-10-07T21:59:35 IST" name="setup" finished-at="2025-10-07T21:59:38 IST" duration-ms="2988" status="PASS">
          <reporter-output>
          </reporter-output>
        </test-method> <!-- setup -->
        <test-method signature="verifySearchFunctionality()[pri:4, instance:com.polymershop.tests.HomePageTests@6bd61f98]" started-at="2025-10-07T21:59:38 IST" name="verifySearchFunctionality" finished-at="2025-10-07T21:59:41 IST" duration-ms="2393" status="PASS">
          <reporter-output>
          </reporter-output>
        </test-method> <!-- verifySearchFunctionality -->
        <test-method is-config="true" signature="tearDown()[pri:0, instance:com.polymershop.tests.HomePageTests@6bd61f98]" started-at="2025-10-07T21:59:41 IST" name="tearDown" finished-at="2025-10-07T21:59:41 IST" duration-ms="498" status="PASS">
          <reporter-output>
          </reporter-output>
        </test-method> <!-- tearDown -->
        <test-method is-config="true" signature="setup()[pri:0, instance:com.polymershop.tests.HomePageTests@6bd61f98]" started-at="2025-10-07T22:00:34 IST" name="setup" finished-at="2025-10-07T22:00:38 IST" duration-ms="3478" status="PASS">
          <reporter-output>
          </reporter-output>
        </test-method> <!-- setup -->
        <test-method signature="verifyFeaturedProductsSection()[pri:5, instance:com.polymershop.tests.HomePageTests@6bd61f98]" started-at="2025-10-07T22:00:38 IST" name="verifyFeaturedProductsSection" finished-at="2025-10-07T22:00:40 IST" duration-ms="2097" status="PASS">
          <reporter-output>
          </reporter-output>
        </test-method> <!-- verifyFeaturedProductsSection -->
        <test-method is-config="true" signature="tearDown()[pri:0, instance:com.polymershop.tests.HomePageTests@6bd61f98]" started-at="2025-10-07T22:00:40 IST" name="tearDown" finished-at="2025-10-07T22:00:41 IST" duration-ms="1264" status="PASS">
          <reporter-output>
          </reporter-output>
        </test-method> <!-- tearDown -->
      </class> <!-- com.polymershop.tests.HomePageTests -->
      <class name="com.polymershop.tests.CheckoutTests">
        <test-method is-config="true" signature="setup()[pri:0, instance:com.polymershop.tests.CheckoutTests@506ae4d4]" started-at="2025-10-07T21:54:44 IST" name="setup" finished-at="2025-10-07T21:54:54 IST" duration-ms="9606" status="PASS">
          <reporter-output>
          </reporter-output>
        </test-method> <!-- setup -->
        <test-method signature="verifyCheckoutNavigation()[pri:1, instance:com.polymershop.tests.CheckoutTests@506ae4d4]" started-at="2025-10-07T21:54:54 IST" name="verifyCheckoutNavigation" description="Verify checkout navigation functionality" finished-at="2025-10-07T21:55:17 IST" duration-ms="23208" status="PASS">
          <reporter-output>
          </reporter-output>
        </test-method> <!-- verifyCheckoutNavigation -->
        <test-method is-config="true" signature="tearDown()[pri:0, instance:com.polymershop.tests.CheckoutTests@506ae4d4]" started-at="2025-10-07T21:55:17 IST" name="tearDown" finished-at="2025-10-07T21:55:18 IST" duration-ms="682" status="PASS">
          <reporter-output>
          </reporter-output>
        </test-method> <!-- tearDown -->
        <test-method is-config="true" signature="setup()[pri:0, instance:com.polymershop.tests.CheckoutTests@506ae4d4]" started-at="2025-10-07T21:56:18 IST" name="setup" finished-at="2025-10-07T21:56:27 IST" duration-ms="9043" status="PASS">
          <reporter-output>
          </reporter-output>
        </test-method> <!-- setup -->
        <test-method signature="verifyCheckoutPageLoads()[pri:2, instance:com.polymershop.tests.CheckoutTests@506ae4d4]" started-at="2025-10-07T21:56:27 IST" name="verifyCheckoutPageLoads" description="Verify checkout page loads successfully" finished-at="2025-10-07T21:56:32 IST" duration-ms="5239" status="PASS">
          <reporter-output>
          </reporter-output>
        </test-method> <!-- verifyCheckoutPageLoads -->
        <test-method is-config="true" signature="tearDown()[pri:0, instance:com.polymershop.tests.CheckoutTests@506ae4d4]" started-at="2025-10-07T21:56:32 IST" name="tearDown" finished-at="2025-10-07T21:56:32 IST" duration-ms="379" status="PASS">
          <reporter-output>
          </reporter-output>
        </test-method> <!-- tearDown -->
        <test-method is-config="true" signature="setup()[pri:0, instance:com.polymershop.tests.CheckoutTests@506ae4d4]" started-at="2025-10-07T21:57:34 IST" name="setup" finished-at="2025-10-07T21:57:42 IST" duration-ms="8315" status="PASS">
          <reporter-output>
          </reporter-output>
        </test-method> <!-- setup -->
        <test-method signature="verifyCheckoutFormPresent()[pri:3, instance:com.polymershop.tests.CheckoutTests@506ae4d4]" started-at="2025-10-07T21:57:42 IST" name="verifyCheckoutFormPresent" description="Verify checkout form is present" finished-at="2025-10-07T21:58:05 IST" duration-ms="22828" status="PASS">
          <reporter-output>
          </reporter-output>
        </test-method> <!-- verifyCheckoutFormPresent -->
        <test-method is-config="true" signature="tearDown()[pri:0, instance:com.polymershop.tests.CheckoutTests@506ae4d4]" started-at="2025-10-07T21:58:05 IST" name="tearDown" finished-at="2025-10-07T21:58:07 IST" duration-ms="1500" status="PASS">
          <reporter-output>
          </reporter-output>
        </test-method> <!-- tearDown -->
        <test-method is-config="true" signature="setup()[pri:0, instance:com.polymershop.tests.CheckoutTests@506ae4d4]" started-at="2025-10-07T21:58:39 IST" name="setup" finished-at="2025-10-07T21:58:48 IST" duration-ms="9246" status="PASS">
          <reporter-output>
          </reporter-output>
        </test-method> <!-- setup -->
        <test-method signature="verifyCheckoutAccessibleWithItems()[pri:4, instance:com.polymershop.tests.CheckoutTests@506ae4d4]" started-at="2025-10-07T21:58:48 IST" name="verifyCheckoutAccessibleWithItems" description="Verify checkout page accessible with cart items" finished-at="2025-10-07T21:59:12 IST" duration-ms="23652" status="PASS">
          <reporter-output>
          </reporter-output>
        </test-method> <!-- verifyCheckoutAccessibleWithItems -->
        <test-method is-config="true" signature="tearDown()[pri:0, instance:com.polymershop.tests.CheckoutTests@506ae4d4]" started-at="2025-10-07T21:59:12 IST" name="tearDown" finished-at="2025-10-07T21:59:13 IST" duration-ms="374" status="PASS">
          <reporter-output>
          </reporter-output>
        </test-method> <!-- tearDown -->
        <test-method is-config="true" signature="setup()[pri:0, instance:com.polymershop.tests.CheckoutTests@506ae4d4]" started-at="2025-10-07T22:00:20 IST" name="setup" finished-at="2025-10-07T22:00:29 IST" duration-ms="9227" status="PASS">
          <reporter-output>
          </reporter-output>
        </test-method> <!-- setup -->
        <test-method signature="verifyCheckoutURL()[pri:5, instance:com.polymershop.tests.CheckoutTests@506ae4d4]" started-at="2025-10-07T22:00:29 IST" name="verifyCheckoutURL" description="Verify checkout URL is correct" finished-at="2025-10-07T22:00:34 IST" duration-ms="4331" status="PASS">
          <reporter-output>
          </reporter-output>
        </test-method> <!-- verifyCheckoutURL -->
        <test-method is-config="true" signature="tearDown()[pri:0, instance:com.polymershop.tests.CheckoutTests@506ae4d4]" started-at="2025-10-07T22:00:34 IST" name="tearDown" finished-at="2025-10-07T22:00:34 IST" duration-ms="513" status="PASS">
          <reporter-output>
          </reporter-output>
        </test-method> <!-- tearDown -->
      </class> <!-- com.polymershop.tests.CheckoutTests -->
      <class name="com.polymershop.tests.CartTests">
        <test-method is-config="true" signature="setup()[pri:0, instance:com.polymershop.tests.CartTests@b9b00e0]" started-at="2025-10-07T21:54:12 IST" name="setup" finished-at="2025-10-07T21:54:24 IST" duration-ms="11385" status="PASS">
          <reporter-output>
          </reporter-output>
        </test-method> <!-- setup -->
        <test-method signature="verifyCartFunctionalityAvailable()[pri:1, instance:com.polymershop.tests.CartTests@b9b00e0]" started-at="2025-10-07T21:54:24 IST" name="verifyCartFunctionalityAvailable" description="Verify cart functionality is available" finished-at="2025-10-07T21:54:44 IST" duration-ms="19977" status="PASS">
          <reporter-output>
          </reporter-output>
        </test-method> <!-- verifyCartFunctionalityAvailable -->
        <test-method is-config="true" signature="tearDown()[pri:0, instance:com.polymershop.tests.CartTests@b9b00e0]" started-at="2025-10-07T21:54:44 IST" name="tearDown" finished-at="2025-10-07T21:54:44 IST" duration-ms="564" status="PASS">
          <reporter-output>
          </reporter-output>
        </test-method> <!-- tearDown -->
        <test-method is-config="true" signature="setup()[pri:0, instance:com.polymershop.tests.CartTests@b9b00e0]" started-at="2025-10-07T21:55:48 IST" name="setup" finished-at="2025-10-07T21:55:58 IST" duration-ms="9606" status="PASS">
          <reporter-output>
          </reporter-output>
        </test-method> <!-- setup -->
        <test-method signature="verifyAddingProductsToCart()[pri:2, instance:com.polymershop.tests.CartTests@b9b00e0]" started-at="2025-10-07T21:55:58 IST" name="verifyAddingProductsToCart" description="Verify adding products to cart" finished-at="2025-10-07T21:56:17 IST" duration-ms="19510" status="PASS">
          <reporter-output>
          </reporter-output>
        </test-method> <!-- verifyAddingProductsToCart -->
        <test-method is-config="true" signature="tearDown()[pri:0, instance:com.polymershop.tests.CartTests@b9b00e0]" started-at="2025-10-07T21:56:17 IST" name="tearDown" finished-at="2025-10-07T21:56:18 IST" duration-ms="388" status="PASS">
          <reporter-output>
          </reporter-output>
        </test-method> <!-- tearDown -->
        <test-method is-config="true" signature="setup()[pri:0, instance:com.polymershop.tests.CartTests@b9b00e0]" started-at="2025-10-07T21:57:02 IST" name="setup" finished-at="2025-10-07T21:57:12 IST" duration-ms="9644" status="PASS">
          <reporter-output>
          </reporter-output>
        </test-method> <!-- setup -->
        <test-method signature="verifyCartCountUpdates()[pri:3, instance:com.polymershop.tests.CartTests@b9b00e0]" started-at="2025-10-07T21:57:12 IST" name="verifyCartCountUpdates" description="Verify cart count updates correctly" finished-at="2025-10-07T21:57:33 IST" duration-ms="21082" status="PASS">
          <reporter-output>
          </reporter-output>
        </test-method> <!-- verifyCartCountUpdates -->
        <test-method is-config="true" signature="tearDown()[pri:0, instance:com.polymershop.tests.CartTests@b9b00e0]" started-at="2025-10-07T21:57:33 IST" name="tearDown" finished-at="2025-10-07T21:57:34 IST" duration-ms="1208" status="PASS">
          <reporter-output>
          </reporter-output>
        </test-method> <!-- tearDown -->
        <test-method is-config="true" signature="setup()[pri:0, instance:com.polymershop.tests.CartTests@b9b00e0]" started-at="2025-10-07T21:59:13 IST" name="setup" finished-at="2025-10-07T21:59:22 IST" duration-ms="8995" status="PASS">
          <reporter-output>
          </reporter-output>
        </test-method> <!-- setup -->
        <test-method signature="verifyEmptyCartState()[pri:4, instance:com.polymershop.tests.CartTests@b9b00e0]" started-at="2025-10-07T21:59:22 IST" name="verifyEmptyCartState" description="Verify empty cart state" finished-at="2025-10-07T21:59:24 IST" duration-ms="2055" status="PASS">
          <reporter-output>
          </reporter-output>
        </test-method> <!-- verifyEmptyCartState -->
        <test-method is-config="true" signature="tearDown()[pri:0, instance:com.polymershop.tests.CartTests@b9b00e0]" started-at="2025-10-07T21:59:24 IST" name="tearDown" finished-at="2025-10-07T21:59:24 IST" duration-ms="379" status="PASS">
          <reporter-output>
          </reporter-output>
        </test-method> <!-- tearDown -->
        <test-method is-config="true" signature="setup()[pri:0, instance:com.polymershop.tests.CartTests@b9b00e0]" started-at="2025-10-07T22:00:41 IST" name="setup" finished-at="2025-10-07T22:00:51 IST" duration-ms="10059" status="PASS">
          <reporter-output>
          </reporter-output>
        </test-method> <!-- setup -->
        <test-method signature="verifyMultipleProductsAddition()[pri:5, instance:com.polymershop.tests.CartTests@b9b00e0]" started-at="2025-10-07T22:00:51 IST" name="verifyMultipleProductsAddition" description="Verify multiple products can be added to cart" finished-at="2025-10-07T22:01:33 IST" duration-ms="42227" status="PASS">
          <reporter-output>
          </reporter-output>
        </test-method> <!-- verifyMultipleProductsAddition -->
        <test-method is-config="true" signature="tearDown()[pri:0, instance:com.polymershop.tests.CartTests@b9b00e0]" started-at="2025-10-07T22:01:33 IST" name="tearDown" finished-at="2025-10-07T22:01:34 IST" duration-ms="376" status="PASS">
          <reporter-output>
          </reporter-output>
        </test-method> <!-- tearDown -->
      </class> <!-- com.polymershop.tests.CartTests -->
      <class name="com.polymershop.tests.ProductListingTests">
        <test-method is-config="true" signature="setup()[pri:0, instance:com.polymershop.tests.ProductListingTests@48aca48b]" started-at="2025-10-07T21:55:36 IST" name="setup" finished-at="2025-10-07T21:55:40 IST" duration-ms="3587" status="PASS">
          <reporter-output>
          </reporter-output>
        </test-method> <!-- setup -->
        <test-method signature="verifyProductGridDisplay()[pri:1, instance:com.polymershop.tests.ProductListingTests@48aca48b]" started-at="2025-10-07T21:55:40 IST" name="verifyProductGridDisplay" finished-at="2025-10-07T21:55:48 IST" duration-ms="7568" status="PASS">
          <reporter-output>
          </reporter-output>
        </test-method> <!-- verifyProductGridDisplay -->
        <test-method is-config="true" signature="tearDown()[pri:0, instance:com.polymershop.tests.ProductListingTests@48aca48b]" started-at="2025-10-07T21:55:48 IST" name="tearDown" finished-at="2025-10-07T21:55:48 IST" duration-ms="382" status="PASS">
          <reporter-output>
          </reporter-output>
        </test-method> <!-- tearDown -->
        <test-method is-config="true" signature="setup()[pri:0, instance:com.polymershop.tests.ProductListingTests@48aca48b]" started-at="2025-10-07T21:56:32 IST" name="setup" finished-at="2025-10-07T21:56:36 IST" duration-ms="3461" status="PASS">
          <reporter-output>
          </reporter-output>
        </test-method> <!-- setup -->
        <test-method signature="verifyMensOuterwearCategory()[pri:2, instance:com.polymershop.tests.ProductListingTests@48aca48b]" started-at="2025-10-07T21:56:36 IST" name="verifyMensOuterwearCategory" finished-at="2025-10-07T21:56:38 IST" duration-ms="2536" status="FAIL">
          <exception class="java.lang.AssertionError">
            <message>
              <![CDATA[Category title should match expected [Men's Outerwear] but found []]]>
            </message>
            <full-stacktrace>
              <![CDATA[java.lang.AssertionError: Category title should match expected [Men's Outerwear] but found []
at org.testng.Assert.fail(Assert.java:111)
at org.testng.Assert.failNotEquals(Assert.java:1590)
at org.testng.Assert.assertEqualsImpl(Assert.java:150)
at org.testng.Assert.assertEquals(Assert.java:132)
at org.testng.Assert.assertEquals(Assert.java:656)
at com.polymershop.tests.ProductListingTests.verifyMensOuterwearCategory(ProductListingTests.java:43)
at java.base/jdk.internal.reflect.DirectMethodHandleAccessor.invoke(DirectMethodHandleAccessor.java:103)
at java.base/java.lang.reflect.Method.invoke(Method.java:580)
at org.testng.internal.invokers.MethodInvocationHelper.invokeMethod(MethodInvocationHelper.java:141)
at org.testng.internal.invokers.TestInvoker.invokeMethod(TestInvoker.java:687)
at org.testng.internal.invokers.TestInvoker.invokeTestMethod(TestInvoker.java:230)
at org.testng.internal.invokers.MethodRunner.runInSequence(MethodRunner.java:63)
at org.testng.internal.invokers.TestInvoker$MethodInvocationAgent.invoke(TestInvoker.java:995)
at org.testng.internal.invokers.TestInvoker.invokeTestMethods(TestInvoker.java:203)
at org.testng.internal.invokers.TestMethodWorker.invokeTestMethods(TestMethodWorker.java:154)
at org.testng.internal.invokers.TestMethodWorker.run(TestMethodWorker.java:134)
at java.base/java.util.ArrayList.forEach(ArrayList.java:1597)
at org.testng.TestRunner.privateRun(TestRunner.java:741)
at org.testng.TestRunner.run(TestRunner.java:616)
at org.testng.SuiteRunner.runTest(SuiteRunner.java:421)
at org.testng.SuiteRunner$SuiteWorker.run(SuiteRunner.java:463)
at org.testng.internal.thread.ThreadUtil.lambda$execute$0(ThreadUtil.java:64)
at java.base/java.util.concurrent.FutureTask.run(FutureTask.java:317)
at java.base/java.util.concurrent.ThreadPoolExecutor.runWorker(ThreadPoolExecutor.java:1144)
at java.base/java.util.concurrent.ThreadPoolExecutor$Worker.run(ThreadPoolExecutor.java:642)
at java.base/java.lang.Thread.run(Thread.java:1575)
]]>
            </full-stacktrace>
          </exception> <!-- java.lang.AssertionError -->
          <reporter-output>
          </reporter-output>
        </test-method> <!-- verifyMensOuterwearCategory -->
        <test-method is-config="true" signature="tearDown()[pri:0, instance:com.polymershop.tests.ProductListingTests@48aca48b]" started-at="2025-10-07T21:56:38 IST" name="tearDown" finished-at="2025-10-07T21:56:39 IST" duration-ms="443" status="PASS">
          <reporter-output>
          </reporter-output>
        </test-method> <!-- tearDown -->
        <test-method is-config="true" signature="setup()[pri:0, instance:com.polymershop.tests.ProductListingTests@48aca48b]" started-at="2025-10-07T21:58:07 IST" name="setup" finished-at="2025-10-07T21:58:10 IST" duration-ms="3246" status="PASS">
          <reporter-output>
          </reporter-output>
        </test-method> <!-- setup -->
        <test-method signature="verifyLadiesOuterwearCategory()[pri:3, instance:com.polymershop.tests.ProductListingTests@48aca48b]" started-at="2025-10-07T21:58:10 IST" name="verifyLadiesOuterwearCategory" finished-at="2025-10-07T21:58:13 IST" duration-ms="2478" status="FAIL">
          <exception class="java.lang.AssertionError">
            <message>
              <![CDATA[Category title should match expected [Ladies Outerwear] but found []]]>
            </message>
            <full-stacktrace>
              <![CDATA[java.lang.AssertionError: Category title should match expected [Ladies Outerwear] but found []
at org.testng.Assert.fail(Assert.java:111)
at org.testng.Assert.failNotEquals(Assert.java:1590)
at org.testng.Assert.assertEqualsImpl(Assert.java:150)
at org.testng.Assert.assertEquals(Assert.java:132)
at org.testng.Assert.assertEquals(Assert.java:656)
at com.polymershop.tests.ProductListingTests.verifyLadiesOuterwearCategory(ProductListingTests.java:51)
at java.base/jdk.internal.reflect.DirectMethodHandleAccessor.invoke(DirectMethodHandleAccessor.java:103)
at java.base/java.lang.reflect.Method.invoke(Method.java:580)
at org.testng.internal.invokers.MethodInvocationHelper.invokeMethod(MethodInvocationHelper.java:141)
at org.testng.internal.invokers.TestInvoker.invokeMethod(TestInvoker.java:687)
at org.testng.internal.invokers.TestInvoker.invokeTestMethod(TestInvoker.java:230)
at org.testng.internal.invokers.MethodRunner.runInSequence(MethodRunner.java:63)
at org.testng.internal.invokers.TestInvoker$MethodInvocationAgent.invoke(TestInvoker.java:995)
at org.testng.internal.invokers.TestInvoker.invokeTestMethods(TestInvoker.java:203)
at org.testng.internal.invokers.TestMethodWorker.invokeTestMethods(TestMethodWorker.java:154)
at org.testng.internal.invokers.TestMethodWorker.run(TestMethodWorker.java:134)
at java.base/java.util.ArrayList.forEach(ArrayList.java:1597)
at org.testng.TestRunner.privateRun(TestRunner.java:741)
at org.testng.TestRunner.run(TestRunner.java:616)
at org.testng.SuiteRunner.runTest(SuiteRunner.java:421)
at org.testng.SuiteRunner$SuiteWorker.run(SuiteRunner.java:463)
at org.testng.internal.thread.ThreadUtil.lambda$execute$0(ThreadUtil.java:64)
at java.base/java.util.concurrent.FutureTask.run(FutureTask.java:317)
at java.base/java.util.concurrent.ThreadPoolExecutor.runWorker(ThreadPoolExecutor.java:1144)
at java.base/java.util.concurrent.ThreadPoolExecutor$Worker.run(ThreadPoolExecutor.java:642)
at java.base/java.lang.Thread.run(Thread.java:1575)
]]>
            </full-stacktrace>
          </exception> <!-- java.lang.AssertionError -->
          <reporter-output>
          </reporter-output>
        </test-method> <!-- verifyLadiesOuterwearCategory -->
        <test-method is-config="true" signature="tearDown()[pri:0, instance:com.polymershop.tests.ProductListingTests@48aca48b]" started-at="2025-10-07T21:58:13 IST" name="tearDown" finished-at="2025-10-07T21:58:13 IST" duration-ms="481" status="PASS">
          <reporter-output>
          </reporter-output>
        </test-method> <!-- tearDown -->
        <test-method is-config="true" signature="setup()[pri:0, instance:com.polymershop.tests.ProductListingTests@48aca48b]" started-at="2025-10-07T21:59:24 IST" name="setup" finished-at="2025-10-07T21:59:27 IST" duration-ms="3080" status="PASS">
          <reporter-output>
          </reporter-output>
        </test-method> <!-- setup -->
        <test-method signature="verifyProductTitlesNotEmpty()[pri:4, instance:com.polymershop.tests.ProductListingTests@48aca48b]" started-at="2025-10-07T21:59:27 IST" name="verifyProductTitlesNotEmpty" finished-at="2025-10-07T21:59:35 IST" duration-ms="7463" status="PASS">
          <reporter-output>
          </reporter-output>
        </test-method> <!-- verifyProductTitlesNotEmpty -->
        <test-method is-config="true" signature="tearDown()[pri:0, instance:com.polymershop.tests.ProductListingTests@48aca48b]" started-at="2025-10-07T21:59:35 IST" name="tearDown" finished-at="2025-10-07T21:59:35 IST" duration-ms="827" status="PASS">
          <reporter-output>
          </reporter-output>
        </test-method> <!-- tearDown -->
        <test-method is-config="true" signature="setup()[pri:0, instance:com.polymershop.tests.ProductListingTests@48aca48b]" started-at="2025-10-07T22:01:34 IST" name="setup" finished-at="2025-10-07T22:01:37 IST" duration-ms="3035" status="PASS">
          <reporter-output>
          </reporter-output>
        </test-method> <!-- setup -->
        <test-method signature="verifyProductSelection()[pri:5, instance:com.polymershop.tests.ProductListingTests@48aca48b]" started-at="2025-10-07T22:01:37 IST" name="verifyProductSelection" finished-at="2025-10-07T22:01:49 IST" duration-ms="12612" status="PASS">
          <reporter-output>
          </reporter-output>
        </test-method> <!-- verifyProductSelection -->
        <test-method is-config="true" signature="tearDown()[pri:0, instance:com.polymershop.tests.ProductListingTests@48aca48b]" started-at="2025-10-07T22:01:49 IST" name="tearDown" finished-at="2025-10-07T22:01:50 IST" duration-ms="766" status="PASS">
          <reporter-output>
          </reporter-output>
        </test-method> <!-- tearDown -->
      </class> <!-- com.polymershop.tests.ProductListingTests -->
    </test> <!-- Firefox Tests -->
    <test started-at="2025-10-07T21:54:12 IST" name="Chrome Tests" finished-at="2025-10-07T22:01:53 IST" duration-ms="461048">
      <class name="com.polymershop.tests.ProductDetailsTests">
        <test-method is-config="true" signature="setup()[pri:0, instance:com.polymershop.tests.ProductDetailsTests@306e95ec]" started-at="2025-10-07T21:55:24 IST" name="setup" finished-at="2025-10-07T21:55:27 IST" duration-ms="3209" status="PASS">
          <reporter-output>
          </reporter-output>
        </test-method> <!-- setup -->
        <test-method signature="verifyProductDetailPageLoad()[pri:1, instance:com.polymershop.tests.ProductDetailsTests@306e95ec]" started-at="2025-10-07T21:55:27 IST" name="verifyProductDetailPageLoad" description="Verify product detail page loads successfully" finished-at="2025-10-07T21:55:37 IST" duration-ms="9655" status="PASS">
          <reporter-output>
          </reporter-output>
        </test-method> <!-- verifyProductDetailPageLoad -->
        <test-method is-config="true" signature="tearDown()[pri:0, instance:com.polymershop.tests.ProductDetailsTests@306e95ec]" started-at="2025-10-07T21:55:37 IST" name="tearDown" finished-at="2025-10-07T21:55:38 IST" duration-ms="1404" status="PASS">
          <reporter-output>
          </reporter-output>
        </test-method> <!-- tearDown -->
        <test-method is-config="true" signature="setup()[pri:0, instance:com.polymershop.tests.ProductDetailsTests@306e95ec]" started-at="2025-10-07T21:56:48 IST" name="setup" finished-at="2025-10-07T21:56:52 IST" duration-ms="3815" status="PASS">
          <reporter-output>
          </reporter-output>
        </test-method> <!-- setup -->
        <test-method signature="verifyProductTitleAndPrice()[pri:2, instance:com.polymershop.tests.ProductDetailsTests@306e95ec]" started-at="2025-10-07T21:56:52 IST" name="verifyProductTitleAndPrice" description="Verify product title and price are displayed" finished-at="2025-10-07T21:57:02 IST" duration-ms="9928" status="PASS">
          <reporter-output>
          </reporter-output>
        </test-method> <!-- verifyProductTitleAndPrice -->
        <test-method is-config="true" signature="tearDown()[pri:0, instance:com.polymershop.tests.ProductDetailsTests@306e95ec]" started-at="2025-10-07T21:57:02 IST" name="tearDown" finished-at="2025-10-07T21:57:02 IST" duration-ms="912" status="PASS">
          <reporter-output>
          </reporter-output>
        </test-method> <!-- tearDown -->
        <test-method is-config="true" signature="setup()[pri:0, instance:com.polymershop.tests.ProductDetailsTests@306e95ec]" started-at="2025-10-07T21:58:23 IST" name="setup" finished-at="2025-10-07T21:58:26 IST" duration-ms="3455" status="PASS">
          <reporter-output>
          </reporter-output>
        </test-method> <!-- setup -->
        <test-method signature="verifyProductImage()[pri:3, instance:com.polymershop.tests.ProductDetailsTests@306e95ec]" started-at="2025-10-07T21:58:26 IST" name="verifyProductImage" description="Verify product image is displayed" finished-at="2025-10-07T21:58:40 IST" duration-ms="13545" status="PASS">
          <reporter-output>
          </reporter-output>
        </test-method> <!-- verifyProductImage -->
        <test-method is-config="true" signature="tearDown()[pri:0, instance:com.polymershop.tests.ProductDetailsTests@306e95ec]" started-at="2025-10-07T21:58:40 IST" name="tearDown" finished-at="2025-10-07T21:58:41 IST" duration-ms="1223" status="PASS">
          <reporter-output>
          </reporter-output>
        </test-method> <!-- tearDown -->
        <test-method is-config="true" signature="setup()[pri:0, instance:com.polymershop.tests.ProductDetailsTests@306e95ec]" started-at="2025-10-07T21:59:46 IST" name="setup" finished-at="2025-10-07T21:59:50 IST" duration-ms="3557" status="PASS">
          <reporter-output>
          </reporter-output>
        </test-method> <!-- setup -->
        <test-method signature="verifySizeAndQuantityDropdowns()[pri:4, instance:com.polymershop.tests.ProductDetailsTests@306e95ec]" started-at="2025-10-07T21:59:50 IST" name="verifySizeAndQuantityDropdowns" description="Verify size and quantity selection dropdowns" finished-at="2025-10-07T22:00:00 IST" duration-ms="10652" status="PASS">
          <reporter-output>
          </reporter-output>
        </test-method> <!-- verifySizeAndQuantityDropdowns -->
        <test-method is-config="true" signature="tearDown()[pri:0, instance:com.polymershop.tests.ProductDetailsTests@306e95ec]" started-at="2025-10-07T22:00:00 IST" name="tearDown" finished-at="2025-10-07T22:00:01 IST" duration-ms="665" status="PASS">
          <reporter-output>
          </reporter-output>
        </test-method> <!-- tearDown -->
        <test-method is-config="true" signature="setup()[pri:0, instance:com.polymershop.tests.ProductDetailsTests@306e95ec]" started-at="2025-10-07T22:00:01 IST" name="setup" finished-at="2025-10-07T22:00:04 IST" duration-ms="3392" status="PASS">
          <reporter-output>
          </reporter-output>
        </test-method> <!-- setup -->
        <test-method signature="verifyAddToCartFunctionality()[pri:5, instance:com.polymershop.tests.ProductDetailsTests@306e95ec]" started-at="2025-10-07T22:00:04 IST" name="verifyAddToCartFunctionality" description="Verify add to cart functionality" finished-at="2025-10-07T22:00:25 IST" duration-ms="20147" status="PASS">
          <reporter-output>
          </reporter-output>
        </test-method> <!-- verifyAddToCartFunctionality -->
        <test-method is-config="true" signature="tearDown()[pri:0, instance:com.polymershop.tests.ProductDetailsTests@306e95ec]" started-at="2025-10-07T22:00:25 IST" name="tearDown" finished-at="2025-10-07T22:00:26 IST" duration-ms="944" status="PASS">
          <reporter-output>
          </reporter-output>
        </test-method> <!-- tearDown -->
      </class> <!-- com.polymershop.tests.ProductDetailsTests -->
      <class name="com.polymershop.tests.HomePageTests">
        <test-method is-config="true" signature="setup()[pri:0, instance:com.polymershop.tests.HomePageTests@662b4c69]" started-at="2025-10-07T21:55:17 IST" name="setup" finished-at="2025-10-07T21:55:21 IST" duration-ms="3474" status="PASS">
          <reporter-output>
          </reporter-output>
        </test-method> <!-- setup -->
        <test-method signature="verifyHomePageLoads()[pri:1, instance:com.polymershop.tests.HomePageTests@662b4c69]" started-at="2025-10-07T21:55:21 IST" name="verifyHomePageLoads" finished-at="2025-10-07T21:55:23 IST" duration-ms="2130" status="PASS">
          <reporter-output>
          </reporter-output>
        </test-method> <!-- verifyHomePageLoads -->
        <test-method is-config="true" signature="tearDown()[pri:0, instance:com.polymershop.tests.HomePageTests@662b4c69]" started-at="2025-10-07T21:55:23 IST" name="tearDown" finished-at="2025-10-07T21:55:24 IST" duration-ms="1253" status="PASS">
          <reporter-output>
          </reporter-output>
        </test-method> <!-- tearDown -->
        <test-method is-config="true" signature="setup()[pri:0, instance:com.polymershop.tests.HomePageTests@662b4c69]" started-at="2025-10-07T21:56:42 IST" name="setup" finished-at="2025-10-07T21:56:45 IST" duration-ms="3431" status="PASS">
          <reporter-output>
          </reporter-output>
        </test-method> <!-- setup -->
        <test-method signature="verifyNavigationMenuItems()[pri:2, instance:com.polymershop.tests.HomePageTests@662b4c69]" started-at="2025-10-07T21:56:45 IST" name="verifyNavigationMenuItems" finished-at="2025-10-07T21:56:47 IST" duration-ms="2218" status="PASS">
          <reporter-output>
          </reporter-output>
        </test-method> <!-- verifyNavigationMenuItems -->
        <test-method is-config="true" signature="tearDown()[pri:0, instance:com.polymershop.tests.HomePageTests@662b4c69]" started-at="2025-10-07T21:56:47 IST" name="tearDown" finished-at="2025-10-07T21:56:48 IST" duration-ms="387" status="PASS">
          <reporter-output>
          </reporter-output>
        </test-method> <!-- tearDown -->
        <test-method is-config="true" signature="setup()[pri:0, instance:com.polymershop.tests.HomePageTests@662b4c69]" started-at="2025-10-07T21:58:17 IST" name="setup" finished-at="2025-10-07T21:58:20 IST" duration-ms="3415" status="PASS">
          <reporter-output>
          </reporter-output>
        </test-method> <!-- setup -->
        <test-method signature="verifyProductCategoriesDisplay()[pri:3, instance:com.polymershop.tests.HomePageTests@662b4c69]" started-at="2025-10-07T21:58:20 IST" name="verifyProductCategoriesDisplay" finished-at="2025-10-07T21:58:22 IST" duration-ms="2277" status="PASS">
          <reporter-output>
          </reporter-output>
        </test-method> <!-- verifyProductCategoriesDisplay -->
        <test-method is-config="true" signature="tearDown()[pri:0, instance:com.polymershop.tests.HomePageTests@662b4c69]" started-at="2025-10-07T21:58:22 IST" name="tearDown" finished-at="2025-10-07T21:58:23 IST" duration-ms="540" status="PASS">
          <reporter-output>
          </reporter-output>
        </test-method> <!-- tearDown -->
        <test-method is-config="true" signature="setup()[pri:0, instance:com.polymershop.tests.HomePageTests@662b4c69]" started-at="2025-10-07T21:59:40 IST" name="setup" finished-at="2025-10-07T21:59:43 IST" duration-ms="3432" status="PASS">
          <reporter-output>
          </reporter-output>
        </test-method> <!-- setup -->
        <test-method signature="verifySearchFunctionality()[pri:4, instance:com.polymershop.tests.HomePageTests@662b4c69]" started-at="2025-10-07T21:59:43 IST" name="verifySearchFunctionality" finished-at="2025-10-07T21:59:46 IST" duration-ms="2350" status="PASS">
          <reporter-output>
          </reporter-output>
        </test-method> <!-- verifySearchFunctionality -->
        <test-method is-config="true" signature="tearDown()[pri:0, instance:com.polymershop.tests.HomePageTests@662b4c69]" started-at="2025-10-07T21:59:46 IST" name="tearDown" finished-at="2025-10-07T21:59:46 IST" duration-ms="389" status="PASS">
          <reporter-output>
          </reporter-output>
        </test-method> <!-- tearDown -->
        <test-method is-config="true" signature="setup()[pri:0, instance:com.polymershop.tests.HomePageTests@662b4c69]" started-at="2025-10-07T22:00:40 IST" name="setup" finished-at="2025-10-07T22:00:43 IST" duration-ms="3293" status="PASS">
          <reporter-output>
          </reporter-output>
        </test-method> <!-- setup -->
        <test-method signature="verifyFeaturedProductsSection()[pri:5, instance:com.polymershop.tests.HomePageTests@662b4c69]" started-at="2025-10-07T22:00:43 IST" name="verifyFeaturedProductsSection" finished-at="2025-10-07T22:00:45 IST" duration-ms="2101" status="PASS">
          <reporter-output>
          </reporter-output>
        </test-method> <!-- verifyFeaturedProductsSection -->
        <test-method is-config="true" signature="tearDown()[pri:0, instance:com.polymershop.tests.HomePageTests@662b4c69]" started-at="2025-10-07T22:00:45 IST" name="tearDown" finished-at="2025-10-07T22:00:45 IST" duration-ms="393" status="PASS">
          <reporter-output>
          </reporter-output>
        </test-method> <!-- tearDown -->
      </class> <!-- com.polymershop.tests.HomePageTests -->
      <class name="com.polymershop.tests.CheckoutTests">
        <test-method is-config="true" signature="setup()[pri:0, instance:com.polymershop.tests.CheckoutTests@6fd83fc1]" started-at="2025-10-07T21:54:44 IST" name="setup" finished-at="2025-10-07T21:54:54 IST" duration-ms="9580" status="PASS">
          <reporter-output>
          </reporter-output>
        </test-method> <!-- setup -->
        <test-method signature="verifyCheckoutNavigation()[pri:1, instance:com.polymershop.tests.CheckoutTests@6fd83fc1]" started-at="2025-10-07T21:54:54 IST" name="verifyCheckoutNavigation" description="Verify checkout navigation functionality" finished-at="2025-10-07T21:55:17 IST" duration-ms="22839" status="PASS">
          <reporter-output>
          </reporter-output>
        </test-method> <!-- verifyCheckoutNavigation -->
        <test-method is-config="true" signature="tearDown()[pri:0, instance:com.polymershop.tests.CheckoutTests@6fd83fc1]" started-at="2025-10-07T21:55:17 IST" name="tearDown" finished-at="2025-10-07T21:55:17 IST" duration-ms="443" status="PASS">
          <reporter-output>
          </reporter-output>
        </test-method> <!-- tearDown -->
        <test-method is-config="true" signature="setup()[pri:0, instance:com.polymershop.tests.CheckoutTests@6fd83fc1]" started-at="2025-10-07T21:56:19 IST" name="setup" finished-at="2025-10-07T21:56:29 IST" duration-ms="9375" status="PASS">
          <reporter-output>
          </reporter-output>
        </test-method> <!-- setup -->
        <test-method signature="verifyCheckoutPageLoads()[pri:2, instance:com.polymershop.tests.CheckoutTests@6fd83fc1]" started-at="2025-10-07T21:56:29 IST" name="verifyCheckoutPageLoads" description="Verify checkout page loads successfully" finished-at="2025-10-07T21:56:34 IST" duration-ms="5330" status="PASS">
          <reporter-output>
          </reporter-output>
        </test-method> <!-- verifyCheckoutPageLoads -->
        <test-method is-config="true" signature="tearDown()[pri:0, instance:com.polymershop.tests.CheckoutTests@6fd83fc1]" started-at="2025-10-07T21:56:34 IST" name="tearDown" finished-at="2025-10-07T21:56:35 IST" duration-ms="461" status="PASS">
          <reporter-output>
          </reporter-output>
        </test-method> <!-- tearDown -->
        <test-method is-config="true" signature="setup()[pri:0, instance:com.polymershop.tests.CheckoutTests@6fd83fc1]" started-at="2025-10-07T21:57:35 IST" name="setup" finished-at="2025-10-07T21:57:45 IST" duration-ms="9859" status="PASS">
          <reporter-output>
          </reporter-output>
        </test-method> <!-- setup -->
        <test-method signature="verifyCheckoutFormPresent()[pri:3, instance:com.polymershop.tests.CheckoutTests@6fd83fc1]" started-at="2025-10-07T21:57:45 IST" name="verifyCheckoutFormPresent" description="Verify checkout form is present" finished-at="2025-10-07T21:58:09 IST" duration-ms="24183" status="PASS">
          <reporter-output>
          </reporter-output>
        </test-method> <!-- verifyCheckoutFormPresent -->
        <test-method is-config="true" signature="tearDown()[pri:0, instance:com.polymershop.tests.CheckoutTests@6fd83fc1]" started-at="2025-10-07T21:58:09 IST" name="tearDown" finished-at="2025-10-07T21:58:10 IST" duration-ms="750" status="PASS">
          <reporter-output>
          </reporter-output>
        </test-method> <!-- tearDown -->
        <test-method is-config="true" signature="setup()[pri:0, instance:com.polymershop.tests.CheckoutTests@6fd83fc1]" started-at="2025-10-07T21:58:41 IST" name="setup" finished-at="2025-10-07T21:58:51 IST" duration-ms="9903" status="PASS">
          <reporter-output>
          </reporter-output>
        </test-method> <!-- setup -->
        <test-method signature="verifyCheckoutAccessibleWithItems()[pri:4, instance:com.polymershop.tests.CheckoutTests@6fd83fc1]" started-at="2025-10-07T21:58:51 IST" name="verifyCheckoutAccessibleWithItems" description="Verify checkout page accessible with cart items" finished-at="2025-10-07T21:59:15 IST" duration-ms="23767" status="PASS">
          <reporter-output>
          </reporter-output>
        </test-method> <!-- verifyCheckoutAccessibleWithItems -->
        <test-method is-config="true" signature="tearDown()[pri:0, instance:com.polymershop.tests.CheckoutTests@6fd83fc1]" started-at="2025-10-07T21:59:15 IST" name="tearDown" finished-at="2025-10-07T21:59:15 IST" duration-ms="430" status="PASS">
          <reporter-output>
          </reporter-output>
        </test-method> <!-- tearDown -->
        <test-method is-config="true" signature="setup()[pri:0, instance:com.polymershop.tests.CheckoutTests@6fd83fc1]" started-at="2025-10-07T22:00:26 IST" name="setup" finished-at="2025-10-07T22:00:35 IST" duration-ms="9276" status="PASS">
          <reporter-output>
          </reporter-output>
        </test-method> <!-- setup -->
        <test-method signature="verifyCheckoutURL()[pri:5, instance:com.polymershop.tests.CheckoutTests@6fd83fc1]" started-at="2025-10-07T22:00:35 IST" name="verifyCheckoutURL" description="Verify checkout URL is correct" finished-at="2025-10-07T22:00:39 IST" duration-ms="4305" status="PASS">
          <reporter-output>
          </reporter-output>
        </test-method> <!-- verifyCheckoutURL -->
        <test-method is-config="true" signature="tearDown()[pri:0, instance:com.polymershop.tests.CheckoutTests@6fd83fc1]" started-at="2025-10-07T22:00:39 IST" name="tearDown" finished-at="2025-10-07T22:00:40 IST" duration-ms="383" status="PASS">
          <reporter-output>
          </reporter-output>
        </test-method> <!-- tearDown -->
      </class> <!-- com.polymershop.tests.CheckoutTests -->
      <class name="com.polymershop.tests.CartTests">
        <test-method is-config="true" signature="setup()[pri:0, instance:com.polymershop.tests.CartTests@52af26ee]" started-at="2025-10-07T21:54:12 IST" name="setup" finished-at="2025-10-07T21:54:24 IST" duration-ms="11385" status="PASS">
          <reporter-output>
          </reporter-output>
        </test-method> <!-- setup -->
        <test-method signature="verifyCartFunctionalityAvailable()[pri:1, instance:com.polymershop.tests.CartTests@52af26ee]" started-at="2025-10-07T21:54:24 IST" name="verifyCartFunctionalityAvailable" description="Verify cart functionality is available" finished-at="2025-10-07T21:54:44 IST" duration-ms="19819" status="PASS">
          <reporter-output>
          </reporter-output>
        </test-method> <!-- verifyCartFunctionalityAvailable -->
        <test-method is-config="true" signature="tearDown()[pri:0, instance:com.polymershop.tests.CartTests@52af26ee]" started-at="2025-10-07T21:54:44 IST" name="tearDown" finished-at="2025-10-07T21:54:44 IST" duration-ms="670" status="PASS">
          <reporter-output>
          </reporter-output>
        </test-method> <!-- tearDown -->
        <test-method is-config="true" signature="setup()[pri:0, instance:com.polymershop.tests.CartTests@52af26ee]" started-at="2025-10-07T21:55:50 IST" name="setup" finished-at="2025-10-07T21:55:59 IST" duration-ms="9920" status="PASS">
          <reporter-output>
          </reporter-output>
        </test-method> <!-- setup -->
        <test-method signature="verifyAddingProductsToCart()[pri:2, instance:com.polymershop.tests.CartTests@52af26ee]" started-at="2025-10-07T21:55:59 IST" name="verifyAddingProductsToCart" description="Verify adding products to cart" finished-at="2025-10-07T21:56:19 IST" duration-ms="19530" status="PASS">
          <reporter-output>
          </reporter-output>
        </test-method> <!-- verifyAddingProductsToCart -->
        <test-method is-config="true" signature="tearDown()[pri:0, instance:com.polymershop.tests.CartTests@52af26ee]" started-at="2025-10-07T21:56:19 IST" name="tearDown" finished-at="2025-10-07T21:56:19 IST" duration-ms="436" status="PASS">
          <reporter-output>
          </reporter-output>
        </test-method> <!-- tearDown -->
        <test-method is-config="true" signature="setup()[pri:0, instance:com.polymershop.tests.CartTests@52af26ee]" started-at="2025-10-07T21:57:02 IST" name="setup" finished-at="2025-10-07T21:57:12 IST" duration-ms="9598" status="PASS">
          <reporter-output>
          </reporter-output>
        </test-method> <!-- setup -->
        <test-method signature="verifyCartCountUpdates()[pri:3, instance:com.polymershop.tests.CartTests@52af26ee]" started-at="2025-10-07T21:57:12 IST" name="verifyCartCountUpdates" description="Verify cart count updates correctly" finished-at="2025-10-07T21:57:34 IST" duration-ms="21796" status="PASS">
          <reporter-output>
          </reporter-output>
        </test-method> <!-- verifyCartCountUpdates -->
        <test-method is-config="true" signature="tearDown()[pri:0, instance:com.polymershop.tests.CartTests@52af26ee]" started-at="2025-10-07T21:57:34 IST" name="tearDown" finished-at="2025-10-07T21:57:35 IST" duration-ms="835" status="PASS">
          <reporter-output>
          </reporter-output>
        </test-method> <!-- tearDown -->
        <test-method is-config="true" signature="setup()[pri:0, instance:com.polymershop.tests.CartTests@52af26ee]" started-at="2025-10-07T21:59:15 IST" name="setup" finished-at="2025-10-07T21:59:25 IST" duration-ms="9892" status="PASS">
          <reporter-output>
          </reporter-output>
        </test-method> <!-- setup -->
        <test-method signature="verifyEmptyCartState()[pri:4, instance:com.polymershop.tests.CartTests@52af26ee]" started-at="2025-10-07T21:59:25 IST" name="verifyEmptyCartState" description="Verify empty cart state" finished-at="2025-10-07T21:59:27 IST" duration-ms="2154" status="PASS">
          <reporter-output>
          </reporter-output>
        </test-method> <!-- verifyEmptyCartState -->
        <test-method is-config="true" signature="tearDown()[pri:0, instance:com.polymershop.tests.CartTests@52af26ee]" started-at="2025-10-07T21:59:27 IST" name="tearDown" finished-at="2025-10-07T21:59:29 IST" duration-ms="1279" status="PASS">
          <reporter-output>
          </reporter-output>
        </test-method> <!-- tearDown -->
        <test-method is-config="true" signature="setup()[pri:0, instance:com.polymershop.tests.CartTests@52af26ee]" started-at="2025-10-07T22:00:45 IST" name="setup" finished-at="2025-10-07T22:00:55 IST" duration-ms="9317" status="PASS">
          <reporter-output>
          </reporter-output>
        </test-method> <!-- setup -->
        <test-method signature="verifyMultipleProductsAddition()[pri:5, instance:com.polymershop.tests.CartTests@52af26ee]" started-at="2025-10-07T22:00:55 IST" name="verifyMultipleProductsAddition" description="Verify multiple products can be added to cart" finished-at="2025-10-07T22:01:36 IST" duration-ms="41262" status="PASS">
          <reporter-output>
          </reporter-output>
        </test-method> <!-- verifyMultipleProductsAddition -->
        <test-method is-config="true" signature="tearDown()[pri:0, instance:com.polymershop.tests.CartTests@52af26ee]" started-at="2025-10-07T22:01:36 IST" name="tearDown" finished-at="2025-10-07T22:01:37 IST" duration-ms="1394" status="PASS">
          <reporter-output>
          </reporter-output>
        </test-method> <!-- tearDown -->
      </class> <!-- com.polymershop.tests.CartTests -->
      <class name="com.polymershop.tests.ProductListingTests">
        <test-method is-config="true" signature="setup()[pri:0, instance:com.polymershop.tests.ProductListingTests@741a8937]" started-at="2025-10-07T21:55:38 IST" name="setup" finished-at="2025-10-07T21:55:41 IST" duration-ms="3291" status="PASS">
          <reporter-output>
          </reporter-output>
        </test-method> <!-- setup -->
        <test-method signature="verifyProductGridDisplay()[pri:1, instance:com.polymershop.tests.ProductListingTests@741a8937]" started-at="2025-10-07T21:55:41 IST" name="verifyProductGridDisplay" finished-at="2025-10-07T21:55:49 IST" duration-ms="7380" status="PASS">
          <reporter-output>
          </reporter-output>
        </test-method> <!-- verifyProductGridDisplay -->
        <test-method is-config="true" signature="tearDown()[pri:0, instance:com.polymershop.tests.ProductListingTests@741a8937]" started-at="2025-10-07T21:55:49 IST" name="tearDown" finished-at="2025-10-07T21:55:49 IST" duration-ms="641" status="PASS">
          <reporter-output>
          </reporter-output>
        </test-method> <!-- tearDown -->
        <test-method is-config="true" signature="setup()[pri:0, instance:com.polymershop.tests.ProductListingTests@741a8937]" started-at="2025-10-07T21:56:35 IST" name="setup" finished-at="2025-10-07T21:56:39 IST" duration-ms="4116" status="PASS">
          <reporter-output>
          </reporter-output>
        </test-method> <!-- setup -->
        <test-method signature="verifyMensOuterwearCategory()[pri:2, instance:com.polymershop.tests.ProductListingTests@741a8937]" started-at="2025-10-07T21:56:39 IST" name="verifyMensOuterwearCategory" finished-at="2025-10-07T21:56:41 IST" duration-ms="2465" status="FAIL">
          <exception class="java.lang.AssertionError">
            <message>
              <![CDATA[Category title should match expected [Men's Outerwear] but found []]]>
            </message>
            <full-stacktrace>
              <![CDATA[java.lang.AssertionError: Category title should match expected [Men's Outerwear] but found []
at org.testng.Assert.fail(Assert.java:111)
at org.testng.Assert.failNotEquals(Assert.java:1590)
at org.testng.Assert.assertEqualsImpl(Assert.java:150)
at org.testng.Assert.assertEquals(Assert.java:132)
at org.testng.Assert.assertEquals(Assert.java:656)
at com.polymershop.tests.ProductListingTests.verifyMensOuterwearCategory(ProductListingTests.java:43)
at java.base/jdk.internal.reflect.DirectMethodHandleAccessor.invoke(DirectMethodHandleAccessor.java:103)
at java.base/java.lang.reflect.Method.invoke(Method.java:580)
at org.testng.internal.invokers.MethodInvocationHelper.invokeMethod(MethodInvocationHelper.java:141)
at org.testng.internal.invokers.TestInvoker.invokeMethod(TestInvoker.java:687)
at org.testng.internal.invokers.TestInvoker.invokeTestMethod(TestInvoker.java:230)
at org.testng.internal.invokers.MethodRunner.runInSequence(MethodRunner.java:63)
at org.testng.internal.invokers.TestInvoker$MethodInvocationAgent.invoke(TestInvoker.java:995)
at org.testng.internal.invokers.TestInvoker.invokeTestMethods(TestInvoker.java:203)
at org.testng.internal.invokers.TestMethodWorker.invokeTestMethods(TestMethodWorker.java:154)
at org.testng.internal.invokers.TestMethodWorker.run(TestMethodWorker.java:134)
at java.base/java.util.ArrayList.forEach(ArrayList.java:1597)
at org.testng.TestRunner.privateRun(TestRunner.java:741)
at org.testng.TestRunner.run(TestRunner.java:616)
at org.testng.SuiteRunner.runTest(SuiteRunner.java:421)
at org.testng.SuiteRunner$SuiteWorker.run(SuiteRunner.java:463)
at org.testng.internal.thread.ThreadUtil.lambda$execute$0(ThreadUtil.java:64)
at java.base/java.util.concurrent.FutureTask.run(FutureTask.java:317)
at java.base/java.util.concurrent.ThreadPoolExecutor.runWorker(ThreadPoolExecutor.java:1144)
at java.base/java.util.concurrent.ThreadPoolExecutor$Worker.run(ThreadPoolExecutor.java:642)
at java.base/java.lang.Thread.run(Thread.java:1575)
]]>
            </full-stacktrace>
          </exception> <!-- java.lang.AssertionError -->
          <reporter-output>
          </reporter-output>
        </test-method> <!-- verifyMensOuterwearCategory -->
        <test-method is-config="true" signature="tearDown()[pri:0, instance:com.polymershop.tests.ProductListingTests@741a8937]" started-at="2025-10-07T21:56:41 IST" name="tearDown" finished-at="2025-10-07T21:56:42 IST" duration-ms="444" status="PASS">
          <reporter-output>
          </reporter-output>
        </test-method> <!-- tearDown -->
        <test-method is-config="true" signature="setup()[pri:0, instance:com.polymershop.tests.ProductListingTests@741a8937]" started-at="2025-10-07T21:58:10 IST" name="setup" finished-at="2025-10-07T21:58:14 IST" duration-ms="4009" status="PASS">
          <reporter-output>
          </reporter-output>
        </test-method> <!-- setup -->
        <test-method signature="verifyLadiesOuterwearCategory()[pri:3, instance:com.polymershop.tests.ProductListingTests@741a8937]" started-at="2025-10-07T21:58:14 IST" name="verifyLadiesOuterwearCategory" finished-at="2025-10-07T21:58:16 IST" duration-ms="2353" status="FAIL">
          <exception class="java.lang.AssertionError">
            <message>
              <![CDATA[Category title should match expected [Ladies Outerwear] but found []]]>
            </message>
            <full-stacktrace>
              <![CDATA[java.lang.AssertionError: Category title should match expected [Ladies Outerwear] but found []
at org.testng.Assert.fail(Assert.java:111)
at org.testng.Assert.failNotEquals(Assert.java:1590)
at org.testng.Assert.assertEqualsImpl(Assert.java:150)
at org.testng.Assert.assertEquals(Assert.java:132)
at org.testng.Assert.assertEquals(Assert.java:656)
at com.polymershop.tests.ProductListingTests.verifyLadiesOuterwearCategory(ProductListingTests.java:51)
at java.base/jdk.internal.reflect.DirectMethodHandleAccessor.invoke(DirectMethodHandleAccessor.java:103)
at java.base/java.lang.reflect.Method.invoke(Method.java:580)
at org.testng.internal.invokers.MethodInvocationHelper.invokeMethod(MethodInvocationHelper.java:141)
at org.testng.internal.invokers.TestInvoker.invokeMethod(TestInvoker.java:687)
at org.testng.internal.invokers.TestInvoker.invokeTestMethod(TestInvoker.java:230)
at org.testng.internal.invokers.MethodRunner.runInSequence(MethodRunner.java:63)
at org.testng.internal.invokers.TestInvoker$MethodInvocationAgent.invoke(TestInvoker.java:995)
at org.testng.internal.invokers.TestInvoker.invokeTestMethods(TestInvoker.java:203)
at org.testng.internal.invokers.TestMethodWorker.invokeTestMethods(TestMethodWorker.java:154)
at org.testng.internal.invokers.TestMethodWorker.run(TestMethodWorker.java:134)
at java.base/java.util.ArrayList.forEach(ArrayList.java:1597)
at org.testng.TestRunner.privateRun(TestRunner.java:741)
at org.testng.TestRunner.run(TestRunner.java:616)
at org.testng.SuiteRunner.runTest(SuiteRunner.java:421)
at org.testng.SuiteRunner$SuiteWorker.run(SuiteRunner.java:463)
at org.testng.internal.thread.ThreadUtil.lambda$execute$0(ThreadUtil.java:64)
at java.base/java.util.concurrent.FutureTask.run(FutureTask.java:317)
at java.base/java.util.concurrent.ThreadPoolExecutor.runWorker(ThreadPoolExecutor.java:1144)
at java.base/java.util.concurrent.ThreadPoolExecutor$Worker.run(ThreadPoolExecutor.java:642)
at java.base/java.lang.Thread.run(Thread.java:1575)
]]>
            </full-stacktrace>
          </exception> <!-- java.lang.AssertionError -->
          <reporter-output>
          </reporter-output>
        </test-method> <!-- verifyLadiesOuterwearCategory -->
        <test-method is-config="true" signature="tearDown()[pri:0, instance:com.polymershop.tests.ProductListingTests@741a8937]" started-at="2025-10-07T21:58:16 IST" name="tearDown" finished-at="2025-10-07T21:58:17 IST" duration-ms="432" status="PASS">
          <reporter-output>
          </reporter-output>
        </test-method> <!-- tearDown -->
        <test-method is-config="true" signature="setup()[pri:0, instance:com.polymershop.tests.ProductListingTests@741a8937]" started-at="2025-10-07T21:59:29 IST" name="setup" finished-at="2025-10-07T21:59:32 IST" duration-ms="3252" status="PASS">
          <reporter-output>
          </reporter-output>
        </test-method> <!-- setup -->
        <test-method signature="verifyProductTitlesNotEmpty()[pri:4, instance:com.polymershop.tests.ProductListingTests@741a8937]" started-at="2025-10-07T21:59:32 IST" name="verifyProductTitlesNotEmpty" finished-at="2025-10-07T21:59:39 IST" duration-ms="7273" status="PASS">
          <reporter-output>
          </reporter-output>
        </test-method> <!-- verifyProductTitlesNotEmpty -->
        <test-method is-config="true" signature="tearDown()[pri:0, instance:com.polymershop.tests.ProductListingTests@741a8937]" started-at="2025-10-07T21:59:39 IST" name="tearDown" finished-at="2025-10-07T21:59:40 IST" duration-ms="823" status="PASS">
          <reporter-output>
          </reporter-output>
        </test-method> <!-- tearDown -->
        <test-method is-config="true" signature="setup()[pri:0, instance:com.polymershop.tests.ProductListingTests@741a8937]" started-at="2025-10-07T22:01:37 IST" name="setup" finished-at="2025-10-07T22:01:40 IST" duration-ms="3065" status="PASS">
          <reporter-output>
          </reporter-output>
        </test-method> <!-- setup -->
        <test-method signature="verifyProductSelection()[pri:5, instance:com.polymershop.tests.ProductListingTests@741a8937]" started-at="2025-10-07T22:01:40 IST" name="verifyProductSelection" finished-at="2025-10-07T22:01:53 IST" duration-ms="12485" status="PASS">
          <reporter-output>
          </reporter-output>
        </test-method> <!-- verifyProductSelection -->
        <test-method is-config="true" signature="tearDown()[pri:0, instance:com.polymershop.tests.ProductListingTests@741a8937]" started-at="2025-10-07T22:01:53 IST" name="tearDown" finished-at="2025-10-07T22:01:53 IST" duration-ms="428" status="PASS">
          <reporter-output>
          </reporter-output>
        </test-method> <!-- tearDown -->
      </class> <!-- com.polymershop.tests.ProductListingTests -->
    </test> <!-- Chrome Tests -->
  </suite> <!-- Polymer Shop Test Suite -->
</testng-results>
